2023-01-03 02:11:39,255 INFO - Starting the scheduler
2023-01-03 02:11:39,258 INFO - Processing each file at most -1 times
2023-01-03 02:11:39,267 INFO - Loaded executor: SequentialExecutor
2023-01-03 02:11:39,281 INFO - Launched DagFileProcessorManager with pid: 316823
2023-01-03 02:11:39,296 INFO - Resetting orphaned tasks for active dag runs
2023-01-03 02:11:39,308 INFO - Configured default timezone Timezone('UTC')
2023-01-03 02:11:40,918 INFO - Setting next_dagrun for anas to 2023-01-02T15:17:05.862191+00:00, run_after=2023-01-02T15:17:10.862191+00:00
2023-01-03 02:11:41,070 INFO - 2 tasks up for execution:
	<TaskInstance: anas.executer_mon_code_python_chaque_second scheduled__2023-01-02T15:16:55.862191+00:00 [scheduled]>
	<TaskInstance: anas.executer_mon_code_python_chaque_second scheduled__2023-01-02T15:17:00.862191+00:00 [scheduled]>
2023-01-03 02:11:41,072 INFO - DAG anas has 0/16 running and queued tasks
2023-01-03 02:11:41,076 INFO - DAG anas has 1/16 running and queued tasks
2023-01-03 02:11:41,076 INFO - Setting the following tasks to queued state:
	<TaskInstance: anas.executer_mon_code_python_chaque_second scheduled__2023-01-02T15:16:55.862191+00:00 [scheduled]>
	<TaskInstance: anas.executer_mon_code_python_chaque_second scheduled__2023-01-02T15:17:00.862191+00:00 [scheduled]>
2023-01-03 02:11:41,079 INFO - Sending TaskInstanceKey(dag_id='anas', task_id='executer_mon_code_python_chaque_second', run_id='scheduled__2023-01-02T15:16:55.862191+00:00', try_number=2, map_index=-1) to executor with priority 1 and queue default
2023-01-03 02:11:41,082 INFO - Adding to queue: ['airflow', 'tasks', 'run', 'anas', 'executer_mon_code_python_chaque_second', 'scheduled__2023-01-02T15:16:55.862191+00:00', '--local', '--subdir', 'DAGS_FOLDER/code_automation_airflow.py']
2023-01-03 02:11:41,082 INFO - Sending TaskInstanceKey(dag_id='anas', task_id='executer_mon_code_python_chaque_second', run_id='scheduled__2023-01-02T15:17:00.862191+00:00', try_number=1, map_index=-1) to executor with priority 1 and queue default
2023-01-03 02:11:41,082 INFO - Adding to queue: ['airflow', 'tasks', 'run', 'anas', 'executer_mon_code_python_chaque_second', 'scheduled__2023-01-02T15:17:00.862191+00:00', '--local', '--subdir', 'DAGS_FOLDER/code_automation_airflow.py']
2023-01-03 02:11:41,085 INFO - Executing command: ['airflow', 'tasks', 'run', 'anas', 'executer_mon_code_python_chaque_second', 'scheduled__2023-01-02T15:16:55.862191+00:00', '--local', '--subdir', 'DAGS_FOLDER/code_automation_airflow.py']
2023-01-03 02:12:49,112 INFO - Executing command: ['airflow', 'tasks', 'run', 'anas', 'executer_mon_code_python_chaque_second', 'scheduled__2023-01-02T15:17:00.862191+00:00', '--local', '--subdir', 'DAGS_FOLDER/code_automation_airflow.py']
2023-01-03 02:14:01,825 INFO - Executor reports execution of anas.executer_mon_code_python_chaque_second run_id=scheduled__2023-01-02T15:16:55.862191+00:00 exited with status success for try_number 2
2023-01-03 02:14:01,825 INFO - Executor reports execution of anas.executer_mon_code_python_chaque_second run_id=scheduled__2023-01-02T15:17:00.862191+00:00 exited with status success for try_number 1
2023-01-03 02:14:01,855 INFO - TaskInstance Finished: dag_id=anas, task_id=executer_mon_code_python_chaque_second, run_id=scheduled__2023-01-02T15:16:55.862191+00:00, map_index=-1, run_start_date=2023-01-03 01:11:46.724776+00:00, run_end_date=2023-01-03 01:12:47.609833+00:00, run_duration=60.885057, state=success, executor_state=success, try_number=2, max_tries=1, job_id=8128, pool=default_pool, queue=default, priority_weight=1, operator=PythonOperator, queued_dttm=2023-01-03 01:11:41.076981+00:00, queued_by_job_id=8127, pid=316827
2023-01-03 02:14:01,855 INFO - TaskInstance Finished: dag_id=anas, task_id=executer_mon_code_python_chaque_second, run_id=scheduled__2023-01-02T15:17:00.862191+00:00, map_index=-1, run_start_date=2023-01-03 01:12:54.732187+00:00, run_end_date=2023-01-03 01:14:00.478274+00:00, run_duration=65.746087, state=success, executor_state=success, try_number=1, max_tries=1, job_id=8129, pool=default_pool, queue=default, priority_weight=1, operator=PythonOperator, queued_dttm=2023-01-03 01:11:41.076981+00:00, queued_by_job_id=8127, pid=316991
2023-01-03 02:14:01,867 ERROR - DagFileProcessorManager (PID=316823) last sent a heartbeat 141.05 seconds ago! Restarting it
2023-01-03 02:14:01,876 INFO - Sending Signals.SIGTERM to group 316823. PIDs of all processes in the group: [316823]
2023-01-03 02:14:01,882 INFO - Sending the signal Signals.SIGTERM to group 316823
2023-01-03 02:14:02,245 INFO - Process psutil.Process(pid=316823, status='terminated', exitcode=0, started='02:11:38') (316823) terminated with exit code 0
2023-01-03 02:14:02,257 INFO - Launched DagFileProcessorManager with pid: 317284
2023-01-03 02:14:02,280 INFO - Configured default timezone Timezone('UTC')
2023-01-03 02:14:03,856 INFO - Setting next_dagrun for anas to 2023-01-02T15:17:10.862191+00:00, run_after=2023-01-02T15:17:15.862191+00:00
2023-01-03 02:14:03,950 INFO - Marking run <DagRun anas @ 2023-01-02 15:17:00.862191+00:00: scheduled__2023-01-02T15:17:00.862191+00:00, state:running, queued_at: 2023-01-03 01:11:40.887918+00:00. externally triggered: False> successful
2023-01-03 02:14:03,955 INFO - DagRun Finished: dag_id=anas, execution_date=2023-01-02 15:17:00.862191+00:00, run_id=scheduled__2023-01-02T15:17:00.862191+00:00, run_start_date=2023-01-03 01:11:40.951205+00:00, run_end_date=2023-01-03 01:14:03.955256+00:00, run_duration=143.004051, state=success, external_trigger=False, run_type=scheduled, data_interval_start=2023-01-02 15:17:00.862191+00:00, data_interval_end=2023-01-02 15:17:05.862191+00:00, dag_hash=6797743439b36967d1fc7594ba769ecd
2023-01-03 02:14:03,974 INFO - Setting next_dagrun for anas to 2023-01-02T15:17:05.862191+00:00, run_after=2023-01-02T15:17:10.862191+00:00
2023-01-03 02:14:03,983 INFO - Marking run <DagRun anas @ 2023-01-02 15:16:55.862191+00:00: scheduled__2023-01-02T15:16:55.862191+00:00, state:running, queued_at: 2023-01-03 01:10:39.160583+00:00. externally triggered: False> successful
2023-01-03 02:14:03,983 INFO - DagRun Finished: dag_id=anas, execution_date=2023-01-02 15:16:55.862191+00:00, run_id=scheduled__2023-01-02T15:16:55.862191+00:00, run_start_date=2023-01-03 01:10:39.195647+00:00, run_end_date=2023-01-03 01:14:03.983878+00:00, run_duration=204.788231, state=success, external_trigger=False, run_type=scheduled, data_interval_start=2023-01-02 15:16:55.862191+00:00, data_interval_end=2023-01-02 15:17:00.862191+00:00, dag_hash=6797743439b36967d1fc7594ba769ecd
2023-01-03 02:14:03,999 INFO - Setting next_dagrun for anas to 2023-01-02T15:17:00.862191+00:00, run_after=2023-01-02T15:17:05.862191+00:00
2023-01-03 02:14:04,028 INFO - 1 tasks up for execution:
	<TaskInstance: anas.executer_mon_code_python_chaque_second scheduled__2023-01-02T15:17:05.862191+00:00 [scheduled]>
2023-01-03 02:14:04,032 INFO - DAG anas has 0/16 running and queued tasks
2023-01-03 02:14:04,033 INFO - Setting the following tasks to queued state:
	<TaskInstance: anas.executer_mon_code_python_chaque_second scheduled__2023-01-02T15:17:05.862191+00:00 [scheduled]>
2023-01-03 02:14:04,042 INFO - Sending TaskInstanceKey(dag_id='anas', task_id='executer_mon_code_python_chaque_second', run_id='scheduled__2023-01-02T15:17:05.862191+00:00', try_number=1, map_index=-1) to executor with priority 1 and queue default
2023-01-03 02:14:04,042 INFO - Adding to queue: ['airflow', 'tasks', 'run', 'anas', 'executer_mon_code_python_chaque_second', 'scheduled__2023-01-02T15:17:05.862191+00:00', '--local', '--subdir', 'DAGS_FOLDER/code_automation_airflow.py']
2023-01-03 02:14:04,046 INFO - Executing command: ['airflow', 'tasks', 'run', 'anas', 'executer_mon_code_python_chaque_second', 'scheduled__2023-01-02T15:17:05.862191+00:00', '--local', '--subdir', 'DAGS_FOLDER/code_automation_airflow.py']
2023-01-03 02:15:09,858 INFO - Executor reports execution of anas.executer_mon_code_python_chaque_second run_id=scheduled__2023-01-02T15:17:05.862191+00:00 exited with status success for try_number 1
2023-01-03 02:15:09,870 INFO - TaskInstance Finished: dag_id=anas, task_id=executer_mon_code_python_chaque_second, run_id=scheduled__2023-01-02T15:17:05.862191+00:00, map_index=-1, run_start_date=2023-01-03 01:14:09.914897+00:00, run_end_date=2023-01-03 01:15:08.616963+00:00, run_duration=58.702066, state=success, executor_state=success, try_number=1, max_tries=1, job_id=8130, pool=default_pool, queue=default, priority_weight=1, operator=PythonOperator, queued_dttm=2023-01-03 01:14:04.034029+00:00, queued_by_job_id=8127, pid=317291
2023-01-03 02:15:09,882 ERROR - DagFileProcessorManager (PID=317284) last sent a heartbeat 66.08 seconds ago! Restarting it
2023-01-03 02:15:09,890 INFO - Sending Signals.SIGTERM to group 317284. PIDs of all processes in the group: [317284]
2023-01-03 02:15:09,890 INFO - Sending the signal Signals.SIGTERM to group 317284
2023-01-03 02:15:10,413 INFO - Process psutil.Process(pid=317284, status='terminated', exitcode=0, started='02:14:01') (317284) terminated with exit code 0
2023-01-03 02:15:10,426 INFO - Launched DagFileProcessorManager with pid: 317467
2023-01-03 02:15:10,472 INFO - Configured default timezone Timezone('UTC')
2023-01-03 02:15:12,154 INFO - Setting next_dagrun for anas to 2023-01-02T15:17:15.862191+00:00, run_after=2023-01-02T15:17:20.862191+00:00
2023-01-03 02:15:12,219 INFO - Marking run <DagRun anas @ 2023-01-02 15:17:05.862191+00:00: scheduled__2023-01-02T15:17:05.862191+00:00, state:running, queued_at: 2023-01-03 01:14:03.834382+00:00. externally triggered: False> successful
2023-01-03 02:15:12,219 INFO - DagRun Finished: dag_id=anas, execution_date=2023-01-02 15:17:05.862191+00:00, run_id=scheduled__2023-01-02T15:17:05.862191+00:00, run_start_date=2023-01-03 01:14:03.886694+00:00, run_end_date=2023-01-03 01:15:12.219566+00:00, run_duration=68.332872, state=success, external_trigger=False, run_type=scheduled, data_interval_start=2023-01-02 15:17:05.862191+00:00, data_interval_end=2023-01-02 15:17:10.862191+00:00, dag_hash=6797743439b36967d1fc7594ba769ecd
2023-01-03 02:15:12,223 INFO - Setting next_dagrun for anas to 2023-01-02T15:17:10.862191+00:00, run_after=2023-01-02T15:17:15.862191+00:00
2023-01-03 02:15:12,245 INFO - 1 tasks up for execution:
	<TaskInstance: anas.executer_mon_code_python_chaque_second scheduled__2023-01-02T15:17:10.862191+00:00 [scheduled]>
2023-01-03 02:15:12,251 INFO - DAG anas has 0/16 running and queued tasks
2023-01-03 02:15:12,251 INFO - Setting the following tasks to queued state:
	<TaskInstance: anas.executer_mon_code_python_chaque_second scheduled__2023-01-02T15:17:10.862191+00:00 [scheduled]>
2023-01-03 02:15:12,256 INFO - Sending TaskInstanceKey(dag_id='anas', task_id='executer_mon_code_python_chaque_second', run_id='scheduled__2023-01-02T15:17:10.862191+00:00', try_number=1, map_index=-1) to executor with priority 1 and queue default
2023-01-03 02:15:12,256 INFO - Adding to queue: ['airflow', 'tasks', 'run', 'anas', 'executer_mon_code_python_chaque_second', 'scheduled__2023-01-02T15:17:10.862191+00:00', '--local', '--subdir', 'DAGS_FOLDER/code_automation_airflow.py']
2023-01-03 02:15:12,260 INFO - Executing command: ['airflow', 'tasks', 'run', 'anas', 'executer_mon_code_python_chaque_second', 'scheduled__2023-01-02T15:17:10.862191+00:00', '--local', '--subdir', 'DAGS_FOLDER/code_automation_airflow.py']
2023-01-03 02:16:20,106 INFO - Executor reports execution of anas.executer_mon_code_python_chaque_second run_id=scheduled__2023-01-02T15:17:10.862191+00:00 exited with status success for try_number 1
2023-01-03 02:16:20,115 INFO - TaskInstance Finished: dag_id=anas, task_id=executer_mon_code_python_chaque_second, run_id=scheduled__2023-01-02T15:17:10.862191+00:00, map_index=-1, run_start_date=2023-01-03 01:15:16.338476+00:00, run_end_date=2023-01-03 01:16:18.171881+00:00, run_duration=61.833405, state=success, executor_state=success, try_number=1, max_tries=1, job_id=8131, pool=default_pool, queue=default, priority_weight=1, operator=PythonOperator, queued_dttm=2023-01-03 01:15:12.252390+00:00, queued_by_job_id=8127, pid=317474
2023-01-03 02:16:20,130 ERROR - DagFileProcessorManager (PID=317467) last sent a heartbeat 68.02 seconds ago! Restarting it
2023-01-03 02:16:20,145 INFO - Sending Signals.SIGTERM to group 317467. PIDs of all processes in the group: [317467]
2023-01-03 02:16:20,148 INFO - Sending the signal Signals.SIGTERM to group 317467
2023-01-03 02:16:20,642 INFO - Process psutil.Process(pid=317467, status='terminated', exitcode=0, started='02:15:09') (317467) terminated with exit code 0
2023-01-03 02:16:20,654 INFO - Launched DagFileProcessorManager with pid: 317633
2023-01-03 02:16:20,681 INFO - Configured default timezone Timezone('UTC')
2023-01-03 02:16:22,351 INFO - Setting next_dagrun for anas to 2023-01-02T15:17:20.862191+00:00, run_after=2023-01-02T15:17:25.862191+00:00
2023-01-03 02:16:22,414 INFO - Marking run <DagRun anas @ 2023-01-02 15:17:10.862191+00:00: scheduled__2023-01-02T15:17:10.862191+00:00, state:running, queued_at: 2023-01-03 01:15:12.129183+00:00. externally triggered: False> successful
2023-01-03 02:16:22,414 INFO - DagRun Finished: dag_id=anas, execution_date=2023-01-02 15:17:10.862191+00:00, run_id=scheduled__2023-01-02T15:17:10.862191+00:00, run_start_date=2023-01-03 01:15:12.176137+00:00, run_end_date=2023-01-03 01:16:22.414753+00:00, run_duration=70.238616, state=success, external_trigger=False, run_type=scheduled, data_interval_start=2023-01-02 15:17:10.862191+00:00, data_interval_end=2023-01-02 15:17:15.862191+00:00, dag_hash=6797743439b36967d1fc7594ba769ecd
2023-01-03 02:16:22,420 INFO - Setting next_dagrun for anas to 2023-01-02T15:17:15.862191+00:00, run_after=2023-01-02T15:17:20.862191+00:00
2023-01-03 02:16:22,443 INFO - 1 tasks up for execution:
	<TaskInstance: anas.executer_mon_code_python_chaque_second scheduled__2023-01-02T15:17:15.862191+00:00 [scheduled]>
2023-01-03 02:16:22,448 INFO - DAG anas has 0/16 running and queued tasks
2023-01-03 02:16:22,448 INFO - Setting the following tasks to queued state:
	<TaskInstance: anas.executer_mon_code_python_chaque_second scheduled__2023-01-02T15:17:15.862191+00:00 [scheduled]>
2023-01-03 02:16:22,453 INFO - Sending TaskInstanceKey(dag_id='anas', task_id='executer_mon_code_python_chaque_second', run_id='scheduled__2023-01-02T15:17:15.862191+00:00', try_number=1, map_index=-1) to executor with priority 1 and queue default
2023-01-03 02:16:22,453 INFO - Adding to queue: ['airflow', 'tasks', 'run', 'anas', 'executer_mon_code_python_chaque_second', 'scheduled__2023-01-02T15:17:15.862191+00:00', '--local', '--subdir', 'DAGS_FOLDER/code_automation_airflow.py']
2023-01-03 02:16:22,457 INFO - Executing command: ['airflow', 'tasks', 'run', 'anas', 'executer_mon_code_python_chaque_second', 'scheduled__2023-01-02T15:17:15.862191+00:00', '--local', '--subdir', 'DAGS_FOLDER/code_automation_airflow.py']
2023-01-03 02:17:33,504 INFO - Executor reports execution of anas.executer_mon_code_python_chaque_second run_id=scheduled__2023-01-02T15:17:15.862191+00:00 exited with status success for try_number 1
2023-01-03 02:17:33,513 INFO - TaskInstance Finished: dag_id=anas, task_id=executer_mon_code_python_chaque_second, run_id=scheduled__2023-01-02T15:17:15.862191+00:00, map_index=-1, run_start_date=2023-01-03 01:16:28.711769+00:00, run_end_date=2023-01-03 01:17:32.106198+00:00, run_duration=63.394429, state=success, executor_state=success, try_number=1, max_tries=1, job_id=8132, pool=default_pool, queue=default, priority_weight=1, operator=PythonOperator, queued_dttm=2023-01-03 01:16:22.449546+00:00, queued_by_job_id=8127, pid=317639
2023-01-03 02:17:33,552 ERROR - DagFileProcessorManager (PID=317633) last sent a heartbeat 71.24 seconds ago! Restarting it
2023-01-03 02:17:33,590 INFO - Sending Signals.SIGTERM to group 317633. PIDs of all processes in the group: [317633]
2023-01-03 02:17:33,597 INFO - Sending the signal Signals.SIGTERM to group 317633
2023-01-03 02:17:34,287 INFO - Process psutil.Process(pid=317633, status='terminated', exitcode=0, started='02:16:19') (317633) terminated with exit code 0
2023-01-03 02:17:34,301 INFO - Launched DagFileProcessorManager with pid: 317842
2023-01-03 02:17:34,339 INFO - Configured default timezone Timezone('UTC')
2023-01-03 02:17:34,504 INFO - Resetting orphaned tasks for active dag runs
2023-01-03 02:17:34,526 INFO - Marked 1 SchedulerJob instances as failed
2023-01-03 02:17:36,564 INFO - Setting next_dagrun for anas to 2023-01-02T15:17:25.862191+00:00, run_after=2023-01-02T15:17:30.862191+00:00
2023-01-03 02:17:36,652 INFO - Marking run <DagRun anas @ 2023-01-02 15:17:15.862191+00:00: scheduled__2023-01-02T15:17:15.862191+00:00, state:running, queued_at: 2023-01-03 01:16:22.336071+00:00. externally triggered: False> successful
2023-01-03 02:17:36,656 INFO - DagRun Finished: dag_id=anas, execution_date=2023-01-02 15:17:15.862191+00:00, run_id=scheduled__2023-01-02T15:17:15.862191+00:00, run_start_date=2023-01-03 01:16:22.376976+00:00, run_end_date=2023-01-03 01:17:36.656373+00:00, run_duration=74.279397, state=success, external_trigger=False, run_type=scheduled, data_interval_start=2023-01-02 15:17:15.862191+00:00, data_interval_end=2023-01-02 15:17:20.862191+00:00, dag_hash=6797743439b36967d1fc7594ba769ecd
2023-01-03 02:17:36,662 INFO - Setting next_dagrun for anas to 2023-01-02T15:17:20.862191+00:00, run_after=2023-01-02T15:17:25.862191+00:00
2023-01-03 02:17:36,701 INFO - 1 tasks up for execution:
	<TaskInstance: anas.executer_mon_code_python_chaque_second scheduled__2023-01-02T15:17:20.862191+00:00 [scheduled]>
2023-01-03 02:17:36,709 INFO - DAG anas has 0/16 running and queued tasks
2023-01-03 02:17:36,709 INFO - Setting the following tasks to queued state:
	<TaskInstance: anas.executer_mon_code_python_chaque_second scheduled__2023-01-02T15:17:20.862191+00:00 [scheduled]>
2023-01-03 02:17:36,721 INFO - Sending TaskInstanceKey(dag_id='anas', task_id='executer_mon_code_python_chaque_second', run_id='scheduled__2023-01-02T15:17:20.862191+00:00', try_number=1, map_index=-1) to executor with priority 1 and queue default
2023-01-03 02:17:36,723 INFO - Adding to queue: ['airflow', 'tasks', 'run', 'anas', 'executer_mon_code_python_chaque_second', 'scheduled__2023-01-02T15:17:20.862191+00:00', '--local', '--subdir', 'DAGS_FOLDER/code_automation_airflow.py']
2023-01-03 02:17:36,727 INFO - Executing command: ['airflow', 'tasks', 'run', 'anas', 'executer_mon_code_python_chaque_second', 'scheduled__2023-01-02T15:17:20.862191+00:00', '--local', '--subdir', 'DAGS_FOLDER/code_automation_airflow.py']
2023-01-03 02:18:20,171 INFO - Executor reports execution of anas.executer_mon_code_python_chaque_second run_id=scheduled__2023-01-02T15:17:20.862191+00:00 exited with status success for try_number 1
2023-01-03 02:18:20,185 INFO - TaskInstance Finished: dag_id=anas, task_id=executer_mon_code_python_chaque_second, run_id=scheduled__2023-01-02T15:17:20.862191+00:00, map_index=-1, run_start_date=2023-01-03 01:17:41.480763+00:00, run_end_date=2023-01-03 01:18:17.808647+00:00, run_duration=36.327884, state=failed, executor_state=success, try_number=1, max_tries=1, job_id=8133, pool=default_pool, queue=default, priority_weight=1, operator=PythonOperator, queued_dttm=2023-01-03 01:18:13.123073+00:00, queued_by_job_id=8134, pid=317895
2023-01-03 02:18:20,693 INFO - Setting next_dagrun for anas to 2023-01-02T15:17:35.862191+00:00, run_after=2023-01-02T15:17:40.862191+00:00
2023-01-03 02:18:20,778 ERROR - Marking run <DagRun anas @ 2023-01-02 15:17:20.862191+00:00: scheduled__2023-01-02T15:17:20.862191+00:00, state:running, queued_at: 2023-01-03 01:17:36.551860+00:00. externally triggered: False> failed
2023-01-03 02:18:20,782 INFO - DagRun Finished: dag_id=anas, execution_date=2023-01-02 15:17:20.862191+00:00, run_id=scheduled__2023-01-02T15:17:20.862191+00:00, run_start_date=2023-01-03 01:17:36.602043+00:00, run_end_date=2023-01-03 01:18:20.782145+00:00, run_duration=44.180102, state=failed, external_trigger=False, run_type=scheduled, data_interval_start=2023-01-02 15:17:20.862191+00:00, data_interval_end=2023-01-02 15:17:25.862191+00:00, dag_hash=6797743439b36967d1fc7594ba769ecd
2023-01-03 02:18:20,789 INFO - Setting next_dagrun for anas to 2023-01-02T15:17:25.862191+00:00, run_after=2023-01-02T15:17:30.862191+00:00
2023-01-03 02:18:20,833 INFO - 1 tasks up for execution:
	<TaskInstance: anas.executer_mon_code_python_chaque_second scheduled__2023-01-02T15:17:30.862191+00:00 [scheduled]>
2023-01-03 02:18:20,843 INFO - DAG anas has 1/16 running and queued tasks
2023-01-03 02:18:20,843 INFO - Setting the following tasks to queued state:
	<TaskInstance: anas.executer_mon_code_python_chaque_second scheduled__2023-01-02T15:17:30.862191+00:00 [scheduled]>
2023-01-03 02:18:20,847 INFO - Sending TaskInstanceKey(dag_id='anas', task_id='executer_mon_code_python_chaque_second', run_id='scheduled__2023-01-02T15:17:30.862191+00:00', try_number=1, map_index=-1) to executor with priority 1 and queue default
2023-01-03 02:18:20,847 INFO - Adding to queue: ['airflow', 'tasks', 'run', 'anas', 'executer_mon_code_python_chaque_second', 'scheduled__2023-01-02T15:17:30.862191+00:00', '--local', '--subdir', 'DAGS_FOLDER/code_automation_airflow.py']
2023-01-03 02:18:20,855 INFO - Executing command: ['airflow', 'tasks', 'run', 'anas', 'executer_mon_code_python_chaque_second', 'scheduled__2023-01-02T15:17:30.862191+00:00', '--local', '--subdir', 'DAGS_FOLDER/code_automation_airflow.py']
2023-01-03 02:20:01,912 INFO - Executor reports execution of anas.executer_mon_code_python_chaque_second run_id=scheduled__2023-01-02T15:17:30.862191+00:00 exited with status success for try_number 1
2023-01-03 02:20:01,917 INFO - TaskInstance Finished: dag_id=anas, task_id=executer_mon_code_python_chaque_second, run_id=scheduled__2023-01-02T15:17:30.862191+00:00, map_index=-1, run_start_date=2023-01-03 01:18:30.659200+00:00, run_end_date=2023-01-03 01:20:00.040396+00:00, run_duration=89.381196, state=success, executor_state=success, try_number=1, max_tries=1, job_id=8136, pool=default_pool, queue=default, priority_weight=1, operator=PythonOperator, queued_dttm=2023-01-03 01:18:20.844570+00:00, queued_by_job_id=8127, pid=318300
2023-01-03 02:20:01,934 ERROR - DagFileProcessorManager (PID=317842) last sent a heartbeat 101.29 seconds ago! Restarting it
2023-01-03 02:20:01,945 INFO - Sending Signals.SIGTERM to group 317842. PIDs of all processes in the group: [317842]
2023-01-03 02:20:01,949 INFO - Sending the signal Signals.SIGTERM to group 317842
2023-01-03 02:20:02,558 INFO - Process psutil.Process(pid=317842, status='terminated', exitcode=0, started='02:17:33') (317842) terminated with exit code 0
2023-01-03 02:20:02,568 INFO - Launched DagFileProcessorManager with pid: 319405
2023-01-03 02:20:02,606 INFO - Configured default timezone Timezone('UTC')
2023-01-03 02:20:05,245 INFO - Setting next_dagrun for anas to 2023-01-02T15:17:40.862191+00:00, run_after=2023-01-02T15:17:45.862191+00:00
2023-01-03 02:20:05,328 INFO - Marking run <DagRun anas @ 2023-01-02 15:17:30.862191+00:00: scheduled__2023-01-02T15:17:30.862191+00:00, state:running, queued_at: 2023-01-03 01:18:20.684766+00:00. externally triggered: False> successful
2023-01-03 02:20:05,333 INFO - DagRun Finished: dag_id=anas, execution_date=2023-01-02 15:17:30.862191+00:00, run_id=scheduled__2023-01-02T15:17:30.862191+00:00, run_start_date=2023-01-03 01:18:20.723418+00:00, run_end_date=2023-01-03 01:20:05.333611+00:00, run_duration=104.610193, state=success, external_trigger=False, run_type=scheduled, data_interval_start=2023-01-02 15:17:30.862191+00:00, data_interval_end=2023-01-02 15:17:35.862191+00:00, dag_hash=6797743439b36967d1fc7594ba769ecd
2023-01-03 02:20:05,340 INFO - Setting next_dagrun for anas to 2023-01-02T15:17:35.862191+00:00, run_after=2023-01-02T15:17:40.862191+00:00
2023-01-03 02:20:05,348 INFO - Marking run <DagRun anas @ 2023-01-02 15:17:25.862191+00:00: scheduled__2023-01-02T15:17:25.862191+00:00, state:running, queued_at: 2023-01-03 01:18:12.755343+00:00. externally triggered: False> successful
2023-01-03 02:20:05,357 INFO - DagRun Finished: dag_id=anas, execution_date=2023-01-02 15:17:25.862191+00:00, run_id=scheduled__2023-01-02T15:17:25.862191+00:00, run_start_date=2023-01-03 01:18:12.881278+00:00, run_end_date=2023-01-03 01:20:05.357177+00:00, run_duration=112.475899, state=success, external_trigger=False, run_type=scheduled, data_interval_start=2023-01-02 15:17:25.862191+00:00, data_interval_end=2023-01-02 15:17:30.862191+00:00, dag_hash=6797743439b36967d1fc7594ba769ecd
2023-01-03 02:20:05,365 INFO - Setting next_dagrun for anas to 2023-01-02T15:17:30.862191+00:00, run_after=2023-01-02T15:17:35.862191+00:00
2023-01-03 02:20:05,402 INFO - 1 tasks up for execution:
	<TaskInstance: anas.executer_mon_code_python_chaque_second scheduled__2023-01-02T15:17:35.862191+00:00 [scheduled]>
2023-01-03 02:20:05,402 INFO - DAG anas has 0/16 running and queued tasks
2023-01-03 02:20:05,403 INFO - Setting the following tasks to queued state:
	<TaskInstance: anas.executer_mon_code_python_chaque_second scheduled__2023-01-02T15:17:35.862191+00:00 [scheduled]>
2023-01-03 02:20:05,412 INFO - Sending TaskInstanceKey(dag_id='anas', task_id='executer_mon_code_python_chaque_second', run_id='scheduled__2023-01-02T15:17:35.862191+00:00', try_number=1, map_index=-1) to executor with priority 1 and queue default
2023-01-03 02:20:05,412 INFO - Adding to queue: ['airflow', 'tasks', 'run', 'anas', 'executer_mon_code_python_chaque_second', 'scheduled__2023-01-02T15:17:35.862191+00:00', '--local', '--subdir', 'DAGS_FOLDER/code_automation_airflow.py']
2023-01-03 02:20:05,416 INFO - Executing command: ['airflow', 'tasks', 'run', 'anas', 'executer_mon_code_python_chaque_second', 'scheduled__2023-01-02T15:17:35.862191+00:00', '--local', '--subdir', 'DAGS_FOLDER/code_automation_airflow.py']
2023-01-03 02:21:38,789 INFO - Executor reports execution of anas.executer_mon_code_python_chaque_second run_id=scheduled__2023-01-02T15:17:35.862191+00:00 exited with status success for try_number 1
2023-01-03 02:21:38,798 INFO - TaskInstance Finished: dag_id=anas, task_id=executer_mon_code_python_chaque_second, run_id=scheduled__2023-01-02T15:17:35.862191+00:00, map_index=-1, run_start_date=2023-01-03 01:20:13.092438+00:00, run_end_date=2023-01-03 01:21:36.660670+00:00, run_duration=83.568232, state=success, executor_state=success, try_number=1, max_tries=1, job_id=8138, pool=default_pool, queue=default, priority_weight=1, operator=PythonOperator, queued_dttm=2023-01-03 01:20:05.404588+00:00, queued_by_job_id=8127, pid=319531
2023-01-03 02:21:38,810 ERROR - DagFileProcessorManager (PID=319405) last sent a heartbeat 93.61 seconds ago! Restarting it
2023-01-03 02:21:38,823 INFO - Sending Signals.SIGTERM to group 319405. PIDs of all processes in the group: [319405]
2023-01-03 02:21:38,826 INFO - Sending the signal Signals.SIGTERM to group 319405
2023-01-03 02:21:39,334 INFO - Process psutil.Process(pid=319405, status='terminated', exitcode=0, started='02:20:01') (319405) terminated with exit code 0
2023-01-03 02:21:39,347 INFO - Launched DagFileProcessorManager with pid: 320766
2023-01-03 02:21:39,386 INFO - Configured default timezone Timezone('UTC')
2023-01-03 02:21:41,797 INFO - Setting next_dagrun for anas to 2023-01-02T15:17:50.862191+00:00, run_after=2023-01-02T15:17:55.862191+00:00
2023-01-03 02:21:41,880 INFO - Marking run <DagRun anas @ 2023-01-02 15:17:40.862191+00:00: scheduled__2023-01-02T15:17:40.862191+00:00, state:running, queued_at: 2023-01-03 01:20:05.691418+00:00. externally triggered: False> successful
2023-01-03 02:21:41,888 INFO - DagRun Finished: dag_id=anas, execution_date=2023-01-02 15:17:40.862191+00:00, run_id=scheduled__2023-01-02T15:17:40.862191+00:00, run_start_date=2023-01-03 01:20:05.731450+00:00, run_end_date=2023-01-03 01:21:41.888207+00:00, run_duration=96.156757, state=success, external_trigger=False, run_type=scheduled, data_interval_start=2023-01-02 15:17:40.862191+00:00, data_interval_end=2023-01-02 15:17:45.862191+00:00, dag_hash=6797743439b36967d1fc7594ba769ecd
2023-01-03 02:21:41,894 INFO - Setting next_dagrun for anas to 2023-01-02T15:17:45.862191+00:00, run_after=2023-01-02T15:17:50.862191+00:00
2023-01-03 02:21:41,904 INFO - Marking run <DagRun anas @ 2023-01-02 15:17:35.862191+00:00: scheduled__2023-01-02T15:17:35.862191+00:00, state:running, queued_at: 2023-01-03 01:20:05.238743+00:00. externally triggered: False> successful
2023-01-03 02:21:41,909 INFO - DagRun Finished: dag_id=anas, execution_date=2023-01-02 15:17:35.862191+00:00, run_id=scheduled__2023-01-02T15:17:35.862191+00:00, run_start_date=2023-01-03 01:20:05.279956+00:00, run_end_date=2023-01-03 01:21:41.909649+00:00, run_duration=96.629693, state=success, external_trigger=False, run_type=scheduled, data_interval_start=2023-01-02 15:17:35.862191+00:00, data_interval_end=2023-01-02 15:17:40.862191+00:00, dag_hash=6797743439b36967d1fc7594ba769ecd
2023-01-03 02:21:41,913 INFO - Setting next_dagrun for anas to 2023-01-02T15:17:40.862191+00:00, run_after=2023-01-02T15:17:45.862191+00:00
2023-01-03 02:21:41,949 INFO - 1 tasks up for execution:
	<TaskInstance: anas.executer_mon_code_python_chaque_second scheduled__2023-01-02T15:17:45.862191+00:00 [scheduled]>
2023-01-03 02:21:41,949 INFO - DAG anas has 0/16 running and queued tasks
2023-01-03 02:21:41,949 INFO - Setting the following tasks to queued state:
	<TaskInstance: anas.executer_mon_code_python_chaque_second scheduled__2023-01-02T15:17:45.862191+00:00 [scheduled]>
2023-01-03 02:21:41,954 INFO - Sending TaskInstanceKey(dag_id='anas', task_id='executer_mon_code_python_chaque_second', run_id='scheduled__2023-01-02T15:17:45.862191+00:00', try_number=1, map_index=-1) to executor with priority 1 and queue default
2023-01-03 02:21:41,955 INFO - Adding to queue: ['airflow', 'tasks', 'run', 'anas', 'executer_mon_code_python_chaque_second', 'scheduled__2023-01-02T15:17:45.862191+00:00', '--local', '--subdir', 'DAGS_FOLDER/code_automation_airflow.py']
2023-01-03 02:21:41,962 INFO - Executing command: ['airflow', 'tasks', 'run', 'anas', 'executer_mon_code_python_chaque_second', 'scheduled__2023-01-02T15:17:45.862191+00:00', '--local', '--subdir', 'DAGS_FOLDER/code_automation_airflow.py']
2023-01-03 02:22:49,169 INFO - Executor reports execution of anas.executer_mon_code_python_chaque_second run_id=scheduled__2023-01-02T15:17:45.862191+00:00 exited with status success for try_number 1
2023-01-03 02:22:49,178 INFO - TaskInstance Finished: dag_id=anas, task_id=executer_mon_code_python_chaque_second, run_id=scheduled__2023-01-02T15:17:45.862191+00:00, map_index=-1, run_start_date=2023-01-03 01:21:49.855950+00:00, run_end_date=2023-01-03 01:22:48.545628+00:00, run_duration=58.689678, state=success, executor_state=success, try_number=1, max_tries=1, job_id=8140, pool=default_pool, queue=default, priority_weight=1, operator=PythonOperator, queued_dttm=2023-01-03 01:21:41.950548+00:00, queued_by_job_id=8127, pid=320871
2023-01-03 02:22:49,193 ERROR - DagFileProcessorManager (PID=320766) last sent a heartbeat 67.45 seconds ago! Restarting it
2023-01-03 02:22:49,204 INFO - Sending Signals.SIGTERM to group 320766. PIDs of all processes in the group: [320766]
2023-01-03 02:22:49,206 INFO - Sending the signal Signals.SIGTERM to group 320766
2023-01-03 02:22:49,474 INFO - Process psutil.Process(pid=320766, status='terminated', exitcode=0, started='02:21:38') (320766) terminated with exit code 0
2023-01-03 02:22:49,488 INFO - Launched DagFileProcessorManager with pid: 321752
2023-01-03 02:22:49,510 INFO - Configured default timezone Timezone('UTC')
2023-01-03 02:22:49,567 INFO - Resetting orphaned tasks for active dag runs
2023-01-03 02:22:49,576 INFO - Marked 1 SchedulerJob instances as failed
2023-01-03 02:22:50,267 INFO - Setting next_dagrun for anas to 2023-01-02T15:18:00.862191+00:00, run_after=2023-01-02T15:18:05.862191+00:00
2023-01-03 02:22:50,334 INFO - Marking run <DagRun anas @ 2023-01-02 15:17:45.862191+00:00: scheduled__2023-01-02T15:17:45.862191+00:00, state:running, queued_at: 2023-01-03 01:21:41.783424+00:00. externally triggered: False> successful
2023-01-03 02:22:50,335 INFO - DagRun Finished: dag_id=anas, execution_date=2023-01-02 15:17:45.862191+00:00, run_id=scheduled__2023-01-02T15:17:45.862191+00:00, run_start_date=2023-01-03 01:21:41.824122+00:00, run_end_date=2023-01-03 01:22:50.335586+00:00, run_duration=68.511464, state=success, external_trigger=False, run_type=scheduled, data_interval_start=2023-01-02 15:17:45.862191+00:00, data_interval_end=2023-01-02 15:17:50.862191+00:00, dag_hash=6797743439b36967d1fc7594ba769ecd
2023-01-03 02:22:50,338 INFO - Setting next_dagrun for anas to 2023-01-02T15:17:50.862191+00:00, run_after=2023-01-02T15:17:55.862191+00:00
2023-01-03 02:22:50,354 INFO - 2 tasks up for execution:
	<TaskInstance: anas.executer_mon_code_python_chaque_second scheduled__2023-01-02T15:17:50.862191+00:00 [scheduled]>
	<TaskInstance: anas.executer_mon_code_python_chaque_second scheduled__2023-01-02T15:17:55.862191+00:00 [scheduled]>
2023-01-03 02:22:50,355 INFO - DAG anas has 0/16 running and queued tasks
2023-01-03 02:22:50,355 INFO - DAG anas has 1/16 running and queued tasks
2023-01-03 02:22:50,355 INFO - Setting the following tasks to queued state:
	<TaskInstance: anas.executer_mon_code_python_chaque_second scheduled__2023-01-02T15:17:50.862191+00:00 [scheduled]>
	<TaskInstance: anas.executer_mon_code_python_chaque_second scheduled__2023-01-02T15:17:55.862191+00:00 [scheduled]>
2023-01-03 02:22:50,358 INFO - Sending TaskInstanceKey(dag_id='anas', task_id='executer_mon_code_python_chaque_second', run_id='scheduled__2023-01-02T15:17:50.862191+00:00', try_number=2, map_index=-1) to executor with priority 1 and queue default
2023-01-03 02:22:50,358 INFO - Adding to queue: ['airflow', 'tasks', 'run', 'anas', 'executer_mon_code_python_chaque_second', 'scheduled__2023-01-02T15:17:50.862191+00:00', '--local', '--subdir', 'DAGS_FOLDER/code_automation_airflow.py']
2023-01-03 02:22:50,359 INFO - Sending TaskInstanceKey(dag_id='anas', task_id='executer_mon_code_python_chaque_second', run_id='scheduled__2023-01-02T15:17:55.862191+00:00', try_number=1, map_index=-1) to executor with priority 1 and queue default
2023-01-03 02:22:50,359 INFO - Adding to queue: ['airflow', 'tasks', 'run', 'anas', 'executer_mon_code_python_chaque_second', 'scheduled__2023-01-02T15:17:55.862191+00:00', '--local', '--subdir', 'DAGS_FOLDER/code_automation_airflow.py']
2023-01-03 02:22:50,363 INFO - Executing command: ['airflow', 'tasks', 'run', 'anas', 'executer_mon_code_python_chaque_second', 'scheduled__2023-01-02T15:17:50.862191+00:00', '--local', '--subdir', 'DAGS_FOLDER/code_automation_airflow.py']
2023-01-03 02:23:31,928 INFO - Executing command: ['airflow', 'tasks', 'run', 'anas', 'executer_mon_code_python_chaque_second', 'scheduled__2023-01-02T15:17:55.862191+00:00', '--local', '--subdir', 'DAGS_FOLDER/code_automation_airflow.py']
2023-01-03 02:24:13,114 INFO - Executor reports execution of anas.executer_mon_code_python_chaque_second run_id=scheduled__2023-01-02T15:17:50.862191+00:00 exited with status success for try_number 2
2023-01-03 02:24:13,114 INFO - Executor reports execution of anas.executer_mon_code_python_chaque_second run_id=scheduled__2023-01-02T15:17:55.862191+00:00 exited with status success for try_number 1
2023-01-03 02:24:13,122 INFO - TaskInstance Finished: dag_id=anas, task_id=executer_mon_code_python_chaque_second, run_id=scheduled__2023-01-02T15:17:50.862191+00:00, map_index=-1, run_start_date=2023-01-03 01:22:54.003474+00:00, run_end_date=2023-01-03 01:23:31.148141+00:00, run_duration=37.144667, state=success, executor_state=success, try_number=2, max_tries=1, job_id=8142, pool=default_pool, queue=default, priority_weight=1, operator=PythonOperator, queued_dttm=2023-01-03 01:22:50.356349+00:00, queued_by_job_id=8127, pid=321809
2023-01-03 02:24:13,126 INFO - TaskInstance Finished: dag_id=anas, task_id=executer_mon_code_python_chaque_second, run_id=scheduled__2023-01-02T15:17:55.862191+00:00, map_index=-1, run_start_date=2023-01-03 01:23:35.225146+00:00, run_end_date=2023-01-03 01:24:12.498559+00:00, run_duration=37.273413, state=success, executor_state=success, try_number=1, max_tries=1, job_id=8143, pool=default_pool, queue=default, priority_weight=1, operator=PythonOperator, queued_dttm=2023-01-03 01:22:50.356349+00:00, queued_by_job_id=8127, pid=322296
2023-01-03 02:24:13,138 ERROR - DagFileProcessorManager (PID=321752) last sent a heartbeat 82.89 seconds ago! Restarting it
2023-01-03 02:24:13,154 INFO - Sending Signals.SIGTERM to group 321752. PIDs of all processes in the group: [321752]
2023-01-03 02:24:13,155 INFO - Sending the signal Signals.SIGTERM to group 321752
2023-01-03 02:24:13,338 INFO - Process psutil.Process(pid=321752, status='terminated', exitcode=0, started='02:22:48') (321752) terminated with exit code 0
2023-01-03 02:24:13,345 INFO - Launched DagFileProcessorManager with pid: 322605
2023-01-03 02:24:13,361 INFO - Configured default timezone Timezone('UTC')
2023-01-03 02:24:14,191 INFO - Setting next_dagrun for anas to 2023-01-02T15:18:05.862191+00:00, run_after=2023-01-02T15:18:10.862191+00:00
2023-01-03 02:24:14,226 INFO - Marking run <DagRun anas @ 2023-01-02 15:17:55.862191+00:00: scheduled__2023-01-02T15:17:55.862191+00:00, state:running, queued_at: 2023-01-03 01:22:50.256884+00:00. externally triggered: False> successful
2023-01-03 02:24:14,227 INFO - DagRun Finished: dag_id=anas, execution_date=2023-01-02 15:17:55.862191+00:00, run_id=scheduled__2023-01-02T15:17:55.862191+00:00, run_start_date=2023-01-03 01:22:50.285106+00:00, run_end_date=2023-01-03 01:24:14.227134+00:00, run_duration=83.942028, state=success, external_trigger=False, run_type=scheduled, data_interval_start=2023-01-02 15:17:55.862191+00:00, data_interval_end=2023-01-02 15:18:00.862191+00:00, dag_hash=6797743439b36967d1fc7594ba769ecd
2023-01-03 02:24:14,231 INFO - Setting next_dagrun for anas to 2023-01-02T15:18:00.862191+00:00, run_after=2023-01-02T15:18:05.862191+00:00
2023-01-03 02:24:14,234 INFO - Marking run <DagRun anas @ 2023-01-02 15:17:50.862191+00:00: scheduled__2023-01-02T15:17:50.862191+00:00, state:running, queued_at: 2023-01-03 01:21:42.556182+00:00. externally triggered: False> successful
2023-01-03 02:24:14,235 INFO - DagRun Finished: dag_id=anas, execution_date=2023-01-02 15:17:50.862191+00:00, run_id=scheduled__2023-01-02T15:17:50.862191+00:00, run_start_date=2023-01-03 01:21:42.604311+00:00, run_end_date=2023-01-03 01:24:14.235238+00:00, run_duration=151.630927, state=success, external_trigger=False, run_type=scheduled, data_interval_start=2023-01-02 15:17:50.862191+00:00, data_interval_end=2023-01-02 15:17:55.862191+00:00, dag_hash=6797743439b36967d1fc7594ba769ecd
2023-01-03 02:24:14,238 INFO - Setting next_dagrun for anas to 2023-01-02T15:17:55.862191+00:00, run_after=2023-01-02T15:18:00.862191+00:00
2023-01-03 02:24:14,253 INFO - 1 tasks up for execution:
	<TaskInstance: anas.executer_mon_code_python_chaque_second scheduled__2023-01-02T15:18:00.862191+00:00 [scheduled]>
2023-01-03 02:24:14,253 INFO - DAG anas has 0/16 running and queued tasks
2023-01-03 02:24:14,254 INFO - Setting the following tasks to queued state:
	<TaskInstance: anas.executer_mon_code_python_chaque_second scheduled__2023-01-02T15:18:00.862191+00:00 [scheduled]>
2023-01-03 02:24:14,257 INFO - Sending TaskInstanceKey(dag_id='anas', task_id='executer_mon_code_python_chaque_second', run_id='scheduled__2023-01-02T15:18:00.862191+00:00', try_number=1, map_index=-1) to executor with priority 1 and queue default
2023-01-03 02:24:14,257 INFO - Adding to queue: ['airflow', 'tasks', 'run', 'anas', 'executer_mon_code_python_chaque_second', 'scheduled__2023-01-02T15:18:00.862191+00:00', '--local', '--subdir', 'DAGS_FOLDER/code_automation_airflow.py']
2023-01-03 02:24:14,261 INFO - Executing command: ['airflow', 'tasks', 'run', 'anas', 'executer_mon_code_python_chaque_second', 'scheduled__2023-01-02T15:18:00.862191+00:00', '--local', '--subdir', 'DAGS_FOLDER/code_automation_airflow.py']
2023-01-03 02:24:51,743 INFO - Executor reports execution of anas.executer_mon_code_python_chaque_second run_id=scheduled__2023-01-02T15:18:00.862191+00:00 exited with status success for try_number 1
2023-01-03 02:24:51,748 INFO - TaskInstance Finished: dag_id=anas, task_id=executer_mon_code_python_chaque_second, run_id=scheduled__2023-01-02T15:18:00.862191+00:00, map_index=-1, run_start_date=2023-01-03 01:24:16.827019+00:00, run_end_date=2023-01-03 01:24:51.166179+00:00, run_duration=34.33916, state=success, executor_state=success, try_number=1, max_tries=1, job_id=8144, pool=default_pool, queue=default, priority_weight=1, operator=PythonOperator, queued_dttm=2023-01-03 01:24:14.254840+00:00, queued_by_job_id=8127, pid=322608
2023-01-03 02:24:52,151 INFO - Setting next_dagrun for anas to 2023-01-02T15:18:00.862191+00:00, run_after=2023-01-02T15:18:05.862191+00:00
2023-01-03 02:24:52,171 INFO - Marking run <DagRun anas @ 2023-01-02 15:18:00.862191+00:00: scheduled__2023-01-02T15:18:00.862191+00:00, state:running, queued_at: 2023-01-03 01:24:14.183358+00:00. externally triggered: False> successful
2023-01-03 02:24:52,171 INFO - DagRun Finished: dag_id=anas, execution_date=2023-01-02 15:18:00.862191+00:00, run_id=scheduled__2023-01-02T15:18:00.862191+00:00, run_start_date=2023-01-03 01:24:14.206451+00:00, run_end_date=2023-01-03 01:24:52.171603+00:00, run_duration=37.965152, state=success, external_trigger=False, run_type=scheduled, data_interval_start=2023-01-02 15:18:00.862191+00:00, data_interval_end=2023-01-02 15:18:05.862191+00:00, dag_hash=6797743439b36967d1fc7594ba769ecd
2023-01-03 02:24:52,175 INFO - Setting next_dagrun for anas to 2023-01-02T15:18:05.862191+00:00, run_after=2023-01-02T15:18:10.862191+00:00
2023-01-03 02:24:53,352 INFO - Setting next_dagrun for anas to 2023-01-02T15:18:10.862191+00:00, run_after=2023-01-02T15:18:15.862191+00:00
2023-01-03 02:24:53,396 INFO - 1 tasks up for execution:
	<TaskInstance: anas.executer_mon_code_python_chaque_second scheduled__2023-01-02T15:18:05.862191+00:00 [scheduled]>
2023-01-03 02:24:53,397 INFO - DAG anas has 0/16 running and queued tasks
2023-01-03 02:24:53,397 INFO - Setting the following tasks to queued state:
	<TaskInstance: anas.executer_mon_code_python_chaque_second scheduled__2023-01-02T15:18:05.862191+00:00 [scheduled]>
2023-01-03 02:24:53,400 INFO - Sending TaskInstanceKey(dag_id='anas', task_id='executer_mon_code_python_chaque_second', run_id='scheduled__2023-01-02T15:18:05.862191+00:00', try_number=1, map_index=-1) to executor with priority 1 and queue default
2023-01-03 02:24:53,400 INFO - Adding to queue: ['airflow', 'tasks', 'run', 'anas', 'executer_mon_code_python_chaque_second', 'scheduled__2023-01-02T15:18:05.862191+00:00', '--local', '--subdir', 'DAGS_FOLDER/code_automation_airflow.py']
2023-01-03 02:24:53,404 INFO - Executing command: ['airflow', 'tasks', 'run', 'anas', 'executer_mon_code_python_chaque_second', 'scheduled__2023-01-02T15:18:05.862191+00:00', '--local', '--subdir', 'DAGS_FOLDER/code_automation_airflow.py']
2023-01-03 02:25:26,089 INFO - Executor reports execution of anas.executer_mon_code_python_chaque_second run_id=scheduled__2023-01-02T15:18:05.862191+00:00 exited with status success for try_number 1
2023-01-03 02:25:26,094 INFO - TaskInstance Finished: dag_id=anas, task_id=executer_mon_code_python_chaque_second, run_id=scheduled__2023-01-02T15:18:05.862191+00:00, map_index=-1, run_start_date=2023-01-03 01:24:55.877542+00:00, run_end_date=2023-01-03 01:25:25.383252+00:00, run_duration=29.50571, state=success, executor_state=success, try_number=1, max_tries=1, job_id=8145, pool=default_pool, queue=default, priority_weight=1, operator=PythonOperator, queued_dttm=2023-01-03 01:24:53.398154+00:00, queued_by_job_id=8127, pid=322798
2023-01-03 02:25:26,291 INFO - Setting next_dagrun for anas to 2023-01-02T15:18:15.862191+00:00, run_after=2023-01-02T15:18:20.862191+00:00
2023-01-03 02:25:26,326 INFO - Marking run <DagRun anas @ 2023-01-02 15:18:05.862191+00:00: scheduled__2023-01-02T15:18:05.862191+00:00, state:running, queued_at: 2023-01-03 01:24:53.346170+00:00. externally triggered: False> successful
2023-01-03 02:25:26,327 INFO - DagRun Finished: dag_id=anas, execution_date=2023-01-02 15:18:05.862191+00:00, run_id=scheduled__2023-01-02T15:18:05.862191+00:00, run_start_date=2023-01-03 01:24:53.367725+00:00, run_end_date=2023-01-03 01:25:26.327048+00:00, run_duration=32.959323, state=success, external_trigger=False, run_type=scheduled, data_interval_start=2023-01-02 15:18:05.862191+00:00, data_interval_end=2023-01-02 15:18:10.862191+00:00, dag_hash=6797743439b36967d1fc7594ba769ecd
2023-01-03 02:25:26,330 INFO - Setting next_dagrun for anas to 2023-01-02T15:18:10.862191+00:00, run_after=2023-01-02T15:18:15.862191+00:00
2023-01-03 02:25:26,344 INFO - 1 tasks up for execution:
	<TaskInstance: anas.executer_mon_code_python_chaque_second scheduled__2023-01-02T15:18:10.862191+00:00 [scheduled]>
2023-01-03 02:25:26,345 INFO - DAG anas has 0/16 running and queued tasks
2023-01-03 02:25:26,345 INFO - Setting the following tasks to queued state:
	<TaskInstance: anas.executer_mon_code_python_chaque_second scheduled__2023-01-02T15:18:10.862191+00:00 [scheduled]>
2023-01-03 02:25:26,348 INFO - Sending TaskInstanceKey(dag_id='anas', task_id='executer_mon_code_python_chaque_second', run_id='scheduled__2023-01-02T15:18:10.862191+00:00', try_number=1, map_index=-1) to executor with priority 1 and queue default
2023-01-03 02:25:26,348 INFO - Adding to queue: ['airflow', 'tasks', 'run', 'anas', 'executer_mon_code_python_chaque_second', 'scheduled__2023-01-02T15:18:10.862191+00:00', '--local', '--subdir', 'DAGS_FOLDER/code_automation_airflow.py']
2023-01-03 02:25:26,352 INFO - Executing command: ['airflow', 'tasks', 'run', 'anas', 'executer_mon_code_python_chaque_second', 'scheduled__2023-01-02T15:18:10.862191+00:00', '--local', '--subdir', 'DAGS_FOLDER/code_automation_airflow.py']
2023-01-03 02:26:06,352 INFO - Executor reports execution of anas.executer_mon_code_python_chaque_second run_id=scheduled__2023-01-02T15:18:10.862191+00:00 exited with status success for try_number 1
2023-01-03 02:26:06,357 INFO - TaskInstance Finished: dag_id=anas, task_id=executer_mon_code_python_chaque_second, run_id=scheduled__2023-01-02T15:18:10.862191+00:00, map_index=-1, run_start_date=2023-01-03 01:25:29.427597+00:00, run_end_date=2023-01-03 01:26:05.580668+00:00, run_duration=36.153071, state=success, executor_state=success, try_number=1, max_tries=1, job_id=8146, pool=default_pool, queue=default, priority_weight=1, operator=PythonOperator, queued_dttm=2023-01-03 01:25:26.346221+00:00, queued_by_job_id=8127, pid=322950
2023-01-03 02:26:06,823 INFO - Setting next_dagrun for anas to 2023-01-02T15:18:15.862191+00:00, run_after=2023-01-02T15:18:20.862191+00:00
2023-01-03 02:26:06,842 INFO - Marking run <DagRun anas @ 2023-01-02 15:18:10.862191+00:00: scheduled__2023-01-02T15:18:10.862191+00:00, state:running, queued_at: 2023-01-03 01:25:26.285409+00:00. externally triggered: False> successful
2023-01-03 02:26:06,842 INFO - DagRun Finished: dag_id=anas, execution_date=2023-01-02 15:18:10.862191+00:00, run_id=scheduled__2023-01-02T15:18:10.862191+00:00, run_start_date=2023-01-03 01:25:26.306494+00:00, run_end_date=2023-01-03 01:26:06.842822+00:00, run_duration=40.536328, state=success, external_trigger=False, run_type=scheduled, data_interval_start=2023-01-02 15:18:10.862191+00:00, data_interval_end=2023-01-02 15:18:15.862191+00:00, dag_hash=6797743439b36967d1fc7594ba769ecd
2023-01-03 02:26:06,846 INFO - Setting next_dagrun for anas to 2023-01-02T15:18:15.862191+00:00, run_after=2023-01-02T15:18:20.862191+00:00
2023-01-03 02:26:08,219 INFO - Setting next_dagrun for anas to 2023-01-02T15:18:20.862191+00:00, run_after=2023-01-02T15:18:25.862191+00:00
2023-01-03 02:26:08,260 INFO - 1 tasks up for execution:
	<TaskInstance: anas.executer_mon_code_python_chaque_second scheduled__2023-01-02T15:18:15.862191+00:00 [scheduled]>
2023-01-03 02:26:08,261 INFO - DAG anas has 0/16 running and queued tasks
2023-01-03 02:26:08,261 INFO - Setting the following tasks to queued state:
	<TaskInstance: anas.executer_mon_code_python_chaque_second scheduled__2023-01-02T15:18:15.862191+00:00 [scheduled]>
2023-01-03 02:26:08,264 INFO - Sending TaskInstanceKey(dag_id='anas', task_id='executer_mon_code_python_chaque_second', run_id='scheduled__2023-01-02T15:18:15.862191+00:00', try_number=1, map_index=-1) to executor with priority 1 and queue default
2023-01-03 02:26:08,264 INFO - Adding to queue: ['airflow', 'tasks', 'run', 'anas', 'executer_mon_code_python_chaque_second', 'scheduled__2023-01-02T15:18:15.862191+00:00', '--local', '--subdir', 'DAGS_FOLDER/code_automation_airflow.py']
2023-01-03 02:26:08,268 INFO - Executing command: ['airflow', 'tasks', 'run', 'anas', 'executer_mon_code_python_chaque_second', 'scheduled__2023-01-02T15:18:15.862191+00:00', '--local', '--subdir', 'DAGS_FOLDER/code_automation_airflow.py']
2023-01-03 02:26:34,052 INFO - Exiting gracefully upon receiving signal 15
2023-01-03 02:26:35,096 INFO - Sending Signals.SIGTERM to group 322605. PIDs of all processes in the group: [322605]
2023-01-03 02:26:35,097 INFO - Sending the signal Signals.SIGTERM to group 322605
2023-01-03 02:26:35,799 INFO - Process psutil.Process(pid=322605, status='terminated', exitcode=0, started='02:24:12') (322605) terminated with exit code 0
2023-01-03 02:26:35,816 INFO - Executing command: ['airflow', 'tasks', 'run', 'anas', 'executer_mon_code_python_chaque_second', 'scheduled__2023-01-02T15:18:15.862191+00:00', '--local', '--subdir', 'DAGS_FOLDER/code_automation_airflow.py']
2023-01-03 02:26:45,880 INFO - Sending Signals.SIGTERM to group 322605. PIDs of all processes in the group: []
2023-01-03 02:26:45,880 INFO - Sending the signal Signals.SIGTERM to group 322605
2023-01-03 02:26:45,881 INFO - Sending the signal Signals.SIGTERM to process 322605 as process group is missing.
2023-01-03 02:26:45,882 INFO - Exited execute loop
